<?xml version="1.0" encoding="UTF-8"?>
<testsuite name="ru.software_test.sandbox.Tests" tests="3" skipped="0" failures="0" errors="0" timestamp="2020-07-19T11:04:23" hostname="SSD" time="0.001">
  <properties/>
  <testcase name="testArea" classname="ru.software_test.sandbox.Tests" time="0.0"/>
  <testcase name="testDistance" classname="ru.software_test.sandbox.Tests" time="0.001"/>
  <testcase name="testRecrtangle" classname="ru.software_test.sandbox.Tests" time="0.0"/>
  <system-out><![CDATA[]]></system-out>
  <system-err><![CDATA[]]></system-err>
</testsuite>
