<?xml version="1.0" encoding="UTF-8"?>
<testsuite name="ru.software_test.sandbox.EquationTests" tests="3" skipped="0" failures="0" errors="0" timestamp="2020-07-19T11:04:23" hostname="SSD" time="0.005">
  <properties/>
  <testcase name="test1" classname="ru.software_test.sandbox.EquationTests" time="0.004"/>
  <testcase name="test2" classname="ru.software_test.sandbox.EquationTests" time="0.0"/>
  <testcase name="test3" classname="ru.software_test.sandbox.EquationTests" time="0.0"/>
  <system-out><![CDATA[]]></system-out>
  <system-err><![CDATA[]]></system-err>
</testsuite>
