<?xml version="1.0" encoding="UTF-8"?>
<testsuite name="ru.software_test.addressbook.tests.GroupDeleteTest" tests="1" skipped="0" failures="0" errors="0" timestamp="2020-06-24T10:41:44" hostname="ssd" time="0.677">
  <properties/>
  <testcase name="testGroupDelete" classname="ru.software_test.addressbook.tests.GroupDeleteTest" time="0.677"/>
  <system-out><![CDATA[]]></system-out>
  <system-err><![CDATA[]]></system-err>
</testsuite>
