<?xml version="1.0" encoding="UTF-8"?>
<testsuite name="ru.software_test.addressbook.tests.ContactDeleteTest" tests="1" skipped="0" failures="0" errors="0" timestamp="2020-06-24T10:41:32" hostname="ssd" time="1.205">
  <properties/>
  <testcase name="testContactDelete" classname="ru.software_test.addressbook.tests.ContactDeleteTest" time="1.205"/>
  <system-out><![CDATA[]]></system-out>
  <system-err><![CDATA[]]></system-err>
</testsuite>
