<?xml version="1.0" encoding="UTF-8"?>
<testsuite name="ru.software_test.addressbook.tests.GroupModificationTest" tests="1" skipped="0" failures="0" errors="0" timestamp="2020-06-24T10:41:43" hostname="ssd" time="1.455">
  <properties/>
  <testcase name="testGroupModification" classname="ru.software_test.addressbook.tests.GroupModificationTest" time="1.455"/>
  <system-out><![CDATA[]]></system-out>
  <system-err><![CDATA[]]></system-err>
</testsuite>
