<?xml version="1.0" encoding="UTF-8"?>
<testsuite name="ru.software_test.addressbook.tests.ContactEmailTest" tests="1" skipped="0" failures="0" errors="0" timestamp="2020-06-24T10:41:37" hostname="ssd" time="0.434">
  <properties/>
  <testcase name="testContactEmails" classname="ru.software_test.addressbook.tests.ContactEmailTest" time="0.434"/>
  <system-out><![CDATA[]]></system-out>
  <system-err><![CDATA[]]></system-err>
</testsuite>
